<?xml version="1.0" encoding="UTF-8"?>
<testng-results ignored="0" total="2" passed="2" failed="0" skipped="0">
  <reporter-output>
  </reporter-output>
  <suite started-at="2024-12-13T21:06:56 IST" name="Master Suite" finished-at="2024-12-13T21:07:23 IST" duration-ms="27205">
    <groups>
      <group name="Master">
        <method signature="TC001_AccountRegistrationTest.verify_account_regisration()[pri:0, instance:testCases.TC001_AccountRegistrationTest@4b013c76]" name="verify_account_regisration" class="testCases.TC001_AccountRegistrationTest"/>
        <method signature="TC002_LoginTest.verify_login()[pri:0, instance:testCases.TC002_LoginTest@742ff096]" name="verify_login" class="testCases.TC002_LoginTest"/>
      </group> <!-- Master -->
      <group name="Regression">
        <method signature="TC001_AccountRegistrationTest.verify_account_regisration()[pri:0, instance:testCases.TC001_AccountRegistrationTest@4b013c76]" name="verify_account_regisration" class="testCases.TC001_AccountRegistrationTest"/>
      </group> <!-- Regression -->
      <group name="sanity">
        <method signature="TC002_LoginTest.verify_login()[pri:0, instance:testCases.TC002_LoginTest@742ff096]" name="verify_login" class="testCases.TC002_LoginTest"/>
      </group> <!-- sanity -->
    </groups>
    <test started-at="2024-12-13T21:06:56 IST" name="Test" finished-at="2024-12-13T21:07:23 IST" duration-ms="27205">
      <class name="testCases.TC002_LoginTest">
        <test-method is-config="true" signature="setup(java.lang.String,java.lang.String)[pri:0, instance:testCases.TC002_LoginTest@742ff096]" started-at="2024-12-13T21:07:09 IST" name="setup" finished-at="2024-12-13T21:07:14 IST" duration-ms="4766" status="PASS">
          <params>
            <param index="0">
              <value>
                <![CDATA[Windows]]>
              </value>
            </param>
            <param index="1">
              <value>
                <![CDATA[chrome]]>
              </value>
            </param>
          </params>
          <reporter-output>
          </reporter-output>
        </test-method> <!-- setup -->
        <test-method signature="verify_login()[pri:0, instance:testCases.TC002_LoginTest@742ff096]" started-at="2024-12-13T21:07:14 IST" name="verify_login" finished-at="2024-12-13T21:07:22 IST" duration-ms="7626" status="PASS">
          <reporter-output>
          </reporter-output>
        </test-method> <!-- verify_login -->
        <test-method is-config="true" signature="tearDown()[pri:0, instance:testCases.TC002_LoginTest@742ff096]" started-at="2024-12-13T21:07:22 IST" name="tearDown" finished-at="2024-12-13T21:07:23 IST" duration-ms="1161" status="PASS">
          <reporter-output>
          </reporter-output>
        </test-method> <!-- tearDown -->
      </class> <!-- testCases.TC002_LoginTest -->
      <class name="testCases.TC001_AccountRegistrationTest">
        <test-method is-config="true" signature="setup(java.lang.String,java.lang.String)[pri:0, instance:testCases.TC001_AccountRegistrationTest@4b013c76]" started-at="2024-12-13T21:06:56 IST" name="setup" finished-at="2024-12-13T21:07:05 IST" duration-ms="8798" status="PASS">
          <params>
            <param index="0">
              <value>
                <![CDATA[Windows]]>
              </value>
            </param>
            <param index="1">
              <value>
                <![CDATA[chrome]]>
              </value>
            </param>
          </params>
          <reporter-output>
          </reporter-output>
        </test-method> <!-- setup -->
        <test-method signature="verify_account_regisration()[pri:0, instance:testCases.TC001_AccountRegistrationTest@4b013c76]" started-at="2024-12-13T21:07:05 IST" name="verify_account_regisration" finished-at="2024-12-13T21:07:09 IST" duration-ms="3840" status="PASS">
          <reporter-output>
          </reporter-output>
        </test-method> <!-- verify_account_regisration -->
        <test-method is-config="true" signature="tearDown()[pri:0, instance:testCases.TC001_AccountRegistrationTest@4b013c76]" started-at="2024-12-13T21:07:09 IST" name="tearDown" finished-at="2024-12-13T21:07:09 IST" duration-ms="356" status="PASS">
          <reporter-output>
          </reporter-output>
        </test-method> <!-- tearDown -->
      </class> <!-- testCases.TC001_AccountRegistrationTest -->
    </test> <!-- Test -->
  </suite> <!-- Master Suite -->
</testng-results>
