<?xml version="1.0" encoding="UTF-8"?>
<testng-results ignored="0" total="2" passed="2" failed="0" skipped="0">
  <reporter-output>
  </reporter-output>
  <suite started-at="2024-12-07T18:19:16 IST" name="Master Suite" finished-at="2024-12-07T18:19:40 IST" duration-ms="23608">
    <groups>
      <group name="Master">
        <method signature="TC001_AccountRegistrationTest.verify_account_regisration()[pri:0, instance:testCases.TC001_AccountRegistrationTest@21e360a]" name="verify_account_regisration" class="testCases.TC001_AccountRegistrationTest"/>
        <method signature="TC002_LoginTest.verify_login()[pri:0, instance:testCases.TC002_LoginTest@bae7dc0]" name="verify_login" class="testCases.TC002_LoginTest"/>
      </group> <!-- Master -->
      <group name="Regression">
        <method signature="TC001_AccountRegistrationTest.verify_account_regisration()[pri:0, instance:testCases.TC001_AccountRegistrationTest@21e360a]" name="verify_account_regisration" class="testCases.TC001_AccountRegistrationTest"/>
      </group> <!-- Regression -->
      <group name="sanity">
        <method signature="TC002_LoginTest.verify_login()[pri:0, instance:testCases.TC002_LoginTest@bae7dc0]" name="verify_login" class="testCases.TC002_LoginTest"/>
      </group> <!-- sanity -->
    </groups>
    <test started-at="2024-12-07T18:19:16 IST" name="Test" finished-at="2024-12-07T18:19:40 IST" duration-ms="23608">
      <class name="testCases.TC002_LoginTest">
        <test-method is-config="true" signature="setup(java.lang.String,java.lang.String)[pri:0, instance:testCases.TC002_LoginTest@bae7dc0]" started-at="2024-12-07T18:19:28 IST" name="setup" finished-at="2024-12-07T18:19:32 IST" duration-ms="3402" status="PASS">
          <params>
            <param index="0">
              <value>
                <![CDATA[Windows]]>
              </value>
            </param>
            <param index="1">
              <value>
                <![CDATA[chrome]]>
              </value>
            </param>
          </params>
          <reporter-output>
          </reporter-output>
        </test-method> <!-- setup -->
        <test-method signature="verify_login()[pri:0, instance:testCases.TC002_LoginTest@bae7dc0]" started-at="2024-12-07T18:19:32 IST" name="verify_login" finished-at="2024-12-07T18:19:39 IST" duration-ms="7571" status="PASS">
          <reporter-output>
          </reporter-output>
        </test-method> <!-- verify_login -->
        <test-method is-config="true" signature="tearDown()[pri:0, instance:testCases.TC002_LoginTest@bae7dc0]" started-at="2024-12-07T18:19:39 IST" name="tearDown" finished-at="2024-12-07T18:19:40 IST" duration-ms="230" status="PASS">
          <reporter-output>
          </reporter-output>
        </test-method> <!-- tearDown -->
      </class> <!-- testCases.TC002_LoginTest -->
      <class name="testCases.TC001_AccountRegistrationTest">
        <test-method is-config="true" signature="setup(java.lang.String,java.lang.String)[pri:0, instance:testCases.TC001_AccountRegistrationTest@21e360a]" started-at="2024-12-07T18:19:17 IST" name="setup" finished-at="2024-12-07T18:19:25 IST" duration-ms="7663" status="PASS">
          <params>
            <param index="0">
              <value>
                <![CDATA[Windows]]>
              </value>
            </param>
            <param index="1">
              <value>
                <![CDATA[chrome]]>
              </value>
            </param>
          </params>
          <reporter-output>
          </reporter-output>
        </test-method> <!-- setup -->
        <test-method signature="verify_account_regisration()[pri:0, instance:testCases.TC001_AccountRegistrationTest@21e360a]" started-at="2024-12-07T18:19:25 IST" name="verify_account_regisration" finished-at="2024-12-07T18:19:28 IST" duration-ms="3471" status="PASS">
          <reporter-output>
          </reporter-output>
        </test-method> <!-- verify_account_regisration -->
        <test-method is-config="true" signature="tearDown()[pri:0, instance:testCases.TC001_AccountRegistrationTest@21e360a]" started-at="2024-12-07T18:19:28 IST" name="tearDown" finished-at="2024-12-07T18:19:28 IST" duration-ms="298" status="PASS">
          <reporter-output>
          </reporter-output>
        </test-method> <!-- tearDown -->
      </class> <!-- testCases.TC001_AccountRegistrationTest -->
    </test> <!-- Test -->
  </suite> <!-- Master Suite -->
</testng-results>
